Determining if the pthread_create exist failed with the following output:
Change Dir: /home/hao007/hao_shenlan_ros1/build/CMakeFiles/CMakeTmp

Run Build Command:"/usr/bin/make" "cmTC_b20ad/fast"
/usr/bin/make -f CMakeFiles/cmTC_b20ad.dir/build.make CMakeFiles/cmTC_b20ad.dir/build
make[1]: Entering directory '/home/hao007/hao_shenlan_ros1/build/CMakeFiles/CMakeTmp'
Building C object CMakeFiles/cmTC_b20ad.dir/CheckSymbolExists.c.o
/usr/bin/cc    -o CMakeFiles/cmTC_b20ad.dir/CheckSymbolExists.c.o   -c /home/hao007/hao_shenlan_ros1/build/CMakeFiles/CMakeTmp/CheckSymbolExists.c
Linking C executable cmTC_b20ad
/usr/bin/cmake -E cmake_link_script CMakeFiles/cmTC_b20ad.dir/link.txt --verbose=1
/usr/bin/cc      -rdynamic CMakeFiles/cmTC_b20ad.dir/CheckSymbolExists.c.o  -o cmTC_b20ad 
CMakeFiles/cmTC_b20ad.dir/CheckSymbolExists.c.o: In function `main':
CheckSymbolExists.c:(.text+0x1b): undefined reference to `pthread_create'
collect2: error: ld returned 1 exit status
CMakeFiles/cmTC_b20ad.dir/build.make:97: recipe for target 'cmTC_b20ad' failed
make[1]: *** [cmTC_b20ad] Error 1
make[1]: Leaving directory '/home/hao007/hao_shenlan_ros1/build/CMakeFiles/CMakeTmp'
Makefile:126: recipe for target 'cmTC_b20ad/fast' failed
make: *** [cmTC_b20ad/fast] Error 2

File /home/hao007/hao_shenlan_ros1/build/CMakeFiles/CMakeTmp/CheckSymbolExists.c:
/* */
#include <pthread.h>

int main(int argc, char** argv)
{
  (void)argv;
#ifndef pthread_create
  return ((int*)(&pthread_create))[argc];
#else
  (void)argc;
  return 0;
#endif
}

Determining if the function pthread_create exists in the pthreads failed with the following output:
Change Dir: /home/hao007/hao_shenlan_ros1/build/CMakeFiles/CMakeTmp

Run Build Command:"/usr/bin/make" "cmTC_2bf89/fast"
/usr/bin/make -f CMakeFiles/cmTC_2bf89.dir/build.make CMakeFiles/cmTC_2bf89.dir/build
make[1]: Entering directory '/home/hao007/hao_shenlan_ros1/build/CMakeFiles/CMakeTmp'
Building C object CMakeFiles/cmTC_2bf89.dir/CheckFunctionExists.c.o
/usr/bin/cc   -DCHECK_FUNCTION_EXISTS=pthread_create   -o CMakeFiles/cmTC_2bf89.dir/CheckFunctionExists.c.o   -c /usr/share/cmake-3.10/Modules/CheckFunctionExists.c
Linking C executable cmTC_2bf89
/usr/bin/cmake -E cmake_link_script CMakeFiles/cmTC_2bf89.dir/link.txt --verbose=1
/usr/bin/cc  -DCHECK_FUNCTION_EXISTS=pthread_create    -rdynamic CMakeFiles/cmTC_2bf89.dir/CheckFunctionExists.c.o  -o cmTC_2bf89 -lpthreads 
/usr/bin/ld: cannot find -lpthreads
collect2: error: ld returned 1 exit status
CMakeFiles/cmTC_2bf89.dir/build.make:97: recipe for target 'cmTC_2bf89' failed
make[1]: *** [cmTC_2bf89] Error 1
make[1]: Leaving directory '/home/hao007/hao_shenlan_ros1/build/CMakeFiles/CMakeTmp'
Makefile:126: recipe for target 'cmTC_2bf89/fast' failed
make: *** [cmTC_2bf89/fast] Error 2


